2020-03-27 01:41:55 [scrapy.utils.log] INFO: Scrapy 1.5.1 started (bot: customcrawler)
2020-03-27 01:41:55 [scrapy.utils.log] INFO: Versions: lxml 4.4.2.0, libxml2 2.9.2, cssselect 1.1.0, parsel 1.5.2, w3lib 1.21.0, Twisted 18.9.0, Python 3.8.1 (v3.8.1:1b293b6006, Dec 18 2019, 14:08:53) - [Clang 6.0 (clang-600.0.57)], pyOpenSSL 19.1.0 (OpenSSL 1.1.1d  10 Sep 2019), cryptography 2.8, Platform macOS-10.11.6-x86_64-i386-64bit
2020-03-27 01:41:55 [scrapy.crawler] INFO: Overridden settings: {'BOT_NAME': 'customcrawler', 'CLOSESPIDER_PAGECOUNT': '100', 'CLOSESPIDER_TIMEOUT': '60', 'CONCURRENT_REQUESTS': 32, 'DEPTH_PRIORITY': 1, 'LOG_FILE': 'logs/customcrawler/toscrapespiderax/07a6fa9e6f9e11ea86d36c4008956c78.log', 'NEWSPIDER_MODULE': 'customcrawler.spiders', 'SCHEDULER_DISK_QUEUE': 'scrapy.squeues.PickleFifoDiskQueue', 'SCHEDULER_MEMORY_QUEUE': 'scrapy.squeues.FifoMemoryQueue', 'SPIDER_MODULES': ['customcrawler.spiders']}
2020-03-27 01:41:55 [scrapy.middleware] INFO: Enabled extensions:
['scrapy.extensions.corestats.CoreStats',
 'scrapy.extensions.telnet.TelnetConsole',
 'scrapy.extensions.memusage.MemoryUsage',
 'scrapy.extensions.closespider.CloseSpider',
 'scrapy.extensions.logstats.LogStats']
2020-03-27 01:41:55 [scrapy.middleware] INFO: Enabled downloader middlewares:
['scrapy.downloadermiddlewares.httpauth.HttpAuthMiddleware',
 'scrapy.downloadermiddlewares.downloadtimeout.DownloadTimeoutMiddleware',
 'scrapy.downloadermiddlewares.defaultheaders.DefaultHeadersMiddleware',
 'scrapy.downloadermiddlewares.useragent.UserAgentMiddleware',
 'scrapy.downloadermiddlewares.retry.RetryMiddleware',
 'scrapy.downloadermiddlewares.redirect.MetaRefreshMiddleware',
 'scrapy.downloadermiddlewares.httpcompression.HttpCompressionMiddleware',
 'scrapy.downloadermiddlewares.redirect.RedirectMiddleware',
 'scrapy.downloadermiddlewares.cookies.CookiesMiddleware',
 'scrapy.downloadermiddlewares.httpproxy.HttpProxyMiddleware',
 'scrapy.downloadermiddlewares.stats.DownloaderStats']
2020-03-27 01:41:55 [scrapy.middleware] INFO: Enabled spider middlewares:
['scrapy.spidermiddlewares.httperror.HttpErrorMiddleware',
 'scrapy.spidermiddlewares.offsite.OffsiteMiddleware',
 'scrapy.spidermiddlewares.referer.RefererMiddleware',
 'scrapy.spidermiddlewares.urllength.UrlLengthMiddleware',
 'scrapy.spidermiddlewares.depth.DepthMiddleware']
2020-03-27 01:41:55 [scrapy.middleware] INFO: Enabled item pipelines:
['customcrawler.pipelines.ScrapyAppPipeline']
2020-03-27 01:41:55 [scrapy.core.engine] INFO: Spider opened
2020-03-27 01:42:01 [scrapy.extensions.logstats] INFO: Crawled 0 pages (at 0 pages/min), scraped 0 items (at 0 items/min)
2020-03-27 01:42:01 [scrapy.extensions.telnet] DEBUG: Telnet console listening on 127.0.0.1:6023
2020-03-27 01:42:02 [scrapy.core.engine] DEBUG: Crawled (200) <GET https://lovdata.no/> (referer: None)
2020-03-27 01:42:02 [scrapy.dupefilters] DEBUG: Filtered duplicate request: <GET https://lovdata.no/info/personvern> - no more duplicates will be shown (see DUPEFILTER_DEBUG to show all duplicates)
2020-03-27 01:42:03 [scrapy.core.engine] DEBUG: Crawled (200) <GET https://lovdata.no/info/personvern#cookies> (referer: https://lovdata.no/)
2020-03-27 01:42:03 [amqp] DEBUG: Start from server, version: 0.9, properties: {'capabilities': {'publisher_confirms': True, 'exchange_exchange_bindings': True, 'basic.nack': True, 'consumer_cancel_notify': True, 'connection.blocked': True, 'consumer_priorities': True, 'authentication_failure_close': True, 'per_consumer_qos': True, 'direct_reply_to': True}, 'cluster_name': 'rabbit@Pratiks-MacBook-Pro', 'copyright': 'Copyright (c) 2007-2020 Pivotal Software, Inc.', 'information': 'Licensed under the MPL 1.1. Website: https://rabbitmq.com', 'platform': 'Erlang/OTP 22.3', 'product': 'RabbitMQ', 'version': '3.8.3'}, mechanisms: [b'PLAIN', b'AMQPLAIN'], locales: ['en_US']
2020-03-27 01:42:03 [amqp] DEBUG: using channel_id: 1
2020-03-27 01:42:03 [amqp] DEBUG: Channel open
2020-03-27 01:42:03 [scrapy.core.scraper] DEBUG: Scraped from <200 https://lovdata.no/info/personvern>
{'extracted_url': 'https://lovdata.no/info/personvern'}
2020-03-27 01:42:03 [scrapy.downloadermiddlewares.redirect] DEBUG: Redirecting (301) to <GET https://grunnloven.lovdata.no/> from <GET http://grunnloven.lovdata.no>
2020-03-27 01:42:03 [scrapy.core.engine] DEBUG: Crawled (200) <GET https://lovdata.no/register/dommer> (referer: https://lovdata.no/)
2020-03-27 01:42:03 [scrapy.core.scraper] DEBUG: Scraped from <200 https://lovdata.no/register/dommer>
{'extracted_url': 'https://lovdata.no/register/dommer'}
2020-03-27 01:42:03 [scrapy.core.engine] DEBUG: Crawled (200) <GET https://lovdata.no/register/tariffavtaler> (referer: https://lovdata.no/)
2020-03-27 01:42:03 [scrapy.core.engine] DEBUG: Crawled (200) <GET https://lovdata.no/register/forskrifter> (referer: https://lovdata.no/)
2020-03-27 01:42:03 [scrapy.core.engine] DEBUG: Crawled (200) <GET https://lovdata.no/register/lokaleForskrifter> (referer: https://lovdata.no/)
2020-03-27 01:42:03 [scrapy.core.engine] DEBUG: Crawled (200) <GET https://lovdata.no/register/stortingsvedtak> (referer: https://lovdata.no/)
2020-03-27 01:42:03 [scrapy.core.engine] DEBUG: Crawled (200) <GET https://lovdata.no/register/eosAvtalen> (referer: https://lovdata.no/)
2020-03-27 01:42:03 [scrapy.core.engine] DEBUG: Crawled (200) <GET https://lovdata.no/register/lover> (referer: https://lovdata.no/)
2020-03-27 01:42:03 [scrapy.core.engine] DEBUG: Crawled (200) <GET https://lovdata.no/register/traktater> (referer: https://lovdata.no/)
2020-03-27 01:42:03 [scrapy.core.scraper] DEBUG: Scraped from <200 https://lovdata.no/register/tariffavtaler>
{'extracted_url': 'https://lovdata.no/register/tariffavtaler'}
2020-03-27 01:42:03 [scrapy.downloadermiddlewares.redirect] DEBUG: Redirecting (301) to <GET https://lovdata.no/dokument/SPH/sph-2020> from <GET https://lovdata.no/sph>
2020-03-27 01:42:03 [scrapy.core.engine] DEBUG: Crawled (200) <GET https://lovdata.no/register/lovtidend> (referer: https://lovdata.no/)
2020-03-27 01:42:03 [scrapy.core.scraper] DEBUG: Scraped from <200 https://lovdata.no/register/forskrifter>
{'extracted_url': 'https://lovdata.no/register/forskrifter'}
2020-03-27 01:42:03 [scrapy.core.scraper] DEBUG: Scraped from <200 https://lovdata.no/register/lokaleForskrifter>
{'extracted_url': 'https://lovdata.no/register/lokaleForskrifter'}
2020-03-27 01:42:03 [scrapy.core.scraper] DEBUG: Scraped from <200 https://lovdata.no/register/stortingsvedtak>
{'extracted_url': 'https://lovdata.no/register/stortingsvedtak'}
2020-03-27 01:42:03 [scrapy.core.scraper] DEBUG: Scraped from <200 https://lovdata.no/register/eosAvtalen>
{'extracted_url': 'https://lovdata.no/register/eosAvtalen'}
2020-03-27 01:42:03 [scrapy.core.scraper] DEBUG: Scraped from <200 https://lovdata.no/register/lover>
{'extracted_url': 'https://lovdata.no/register/lover'}
2020-03-27 01:42:03 [scrapy.core.scraper] DEBUG: Scraped from <200 https://lovdata.no/register/traktater>
{'extracted_url': 'https://lovdata.no/register/traktater'}
2020-03-27 01:42:03 [scrapy.core.engine] DEBUG: Crawled (200) <GET https://lovdata.no/register/forskrifterEngelsk> (referer: https://lovdata.no/)
2020-03-27 01:42:03 [scrapy.core.engine] DEBUG: Crawled (200) <GET https://lovdata.no/tjenester/tidsskrift> (referer: https://lovdata.no/)
2020-03-27 01:42:03 [scrapy.core.engine] DEBUG: Crawled (200) <GET https://lovdata.no/register/dommerEngelsk> (referer: https://lovdata.no/)
2020-03-27 01:42:03 [scrapy.core.engine] DEBUG: Crawled (200) <GET https://lovdata.no/tjenester/pro/> (referer: https://lovdata.no/)
2020-03-27 01:42:03 [scrapy.core.engine] DEBUG: Crawled (200) <GET https://lovdata.no/pro/auth/student> (referer: https://lovdata.no/)
2020-03-27 01:42:03 [scrapy.core.engine] DEBUG: Crawled (200) <GET https://lovdata.no/register/loverEngelsk> (referer: https://lovdata.no/)
2020-03-27 01:42:03 [scrapy.core.engine] DEBUG: Crawled (200) <GET https://lovdata.no/publikasjoner> (referer: https://lovdata.no/)
2020-03-27 01:42:03 [scrapy.core.engine] DEBUG: Crawled (200) <GET https://lovdata.no/tjenester/varsling> (referer: https://lovdata.no/)
2020-03-27 01:42:04 [scrapy.core.scraper] DEBUG: Scraped from <200 https://lovdata.no/register/lovtidend>
{'extracted_url': 'https://lovdata.no/register/lovtidend'}
2020-03-27 01:42:04 [scrapy.core.scraper] DEBUG: Scraped from <200 https://lovdata.no/register/forskrifterEngelsk>
{'extracted_url': 'https://lovdata.no/register/forskrifterEngelsk'}
2020-03-27 01:42:04 [scrapy.core.scraper] DEBUG: Scraped from <200 https://lovdata.no/tjenester/tidsskrift>
{'extracted_url': 'https://lovdata.no/tjenester/tidsskrift'}
2020-03-27 01:42:04 [scrapy.core.scraper] DEBUG: Scraped from <200 https://lovdata.no/register/dommerEngelsk>
{'extracted_url': 'https://lovdata.no/register/dommerEngelsk'}
2020-03-27 01:42:04 [scrapy.core.scraper] DEBUG: Scraped from <200 https://lovdata.no/tjenester/pro/>
{'extracted_url': 'https://lovdata.no/tjenester/pro/'}
2020-03-27 01:42:04 [scrapy.core.scraper] DEBUG: Scraped from <200 https://lovdata.no/pro/auth/student>
{'extracted_url': 'https://lovdata.no/pro/auth/student'}
2020-03-27 01:42:04 [scrapy.core.scraper] DEBUG: Scraped from <200 https://lovdata.no/register/loverEngelsk>
{'extracted_url': 'https://lovdata.no/register/loverEngelsk'}
2020-03-27 01:42:04 [scrapy.core.scraper] DEBUG: Scraped from <200 https://lovdata.no/publikasjoner>
{'extracted_url': 'https://lovdata.no/publikasjoner'}
2020-03-27 01:42:04 [scrapy.core.engine] DEBUG: Crawled (200) <GET https://lovdata.no/info/api> (referer: https://lovdata.no/)
2020-03-27 01:42:04 [scrapy.core.engine] DEBUG: Crawled (200) <GET https://lovdata.no/info/22juli> (referer: https://lovdata.no/)
2020-03-27 01:42:04 [scrapy.core.engine] DEBUG: Crawled (200) <GET https://lovdata.no/info/om_lovdata> (referer: https://lovdata.no/)
2020-03-27 01:42:04 [scrapy.core.engine] DEBUG: Crawled (200) <GET https://lovdata.no/info/brukeravtale> (referer: https://lovdata.no/)
2020-03-27 01:42:04 [scrapy.core.engine] DEBUG: Crawled (200) <GET https://lovdata.no/info/kontakt> (referer: https://lovdata.no/)
2020-03-27 01:42:04 [scrapy.core.engine] DEBUG: Crawled (200) <GET https://lovdata.no/info/rss> (referer: https://lovdata.no/)
2020-03-27 01:42:04 [scrapy.core.scraper] DEBUG: Scraped from <200 https://lovdata.no/tjenester/varsling>
{'extracted_url': 'https://lovdata.no/tjenester/varsling'}
2020-03-27 01:42:04 [scrapy.core.engine] DEBUG: Crawled (200) <GET https://lovdata.no/advokater/> (referer: https://lovdata.no/)
2020-03-27 01:42:04 [scrapy.core.engine] DEBUG: Crawled (200) <GET https://lovdata.no/info/redaktoransvar> (referer: https://lovdata.no/)
2020-03-27 01:42:04 [scrapy.core.scraper] DEBUG: Scraped from <200 https://lovdata.no/info/api>
{'extracted_url': 'https://lovdata.no/info/api'}
2020-03-27 01:42:04 [scrapy.core.scraper] DEBUG: Scraped from <200 https://lovdata.no/info/22juli>
{'extracted_url': 'https://lovdata.no/info/22juli'}
2020-03-27 01:42:04 [scrapy.core.scraper] DEBUG: Scraped from <200 https://lovdata.no/info/om_lovdata>
{'extracted_url': 'https://lovdata.no/info/om_lovdata'}
2020-03-27 01:42:04 [scrapy.core.scraper] DEBUG: Scraped from <200 https://lovdata.no/info/brukeravtale>
{'extracted_url': 'https://lovdata.no/info/brukeravtale'}
2020-03-27 01:42:04 [scrapy.core.scraper] DEBUG: Scraped from <200 https://lovdata.no/info/kontakt>
{'extracted_url': 'https://lovdata.no/info/kontakt'}
2020-03-27 01:42:04 [scrapy.core.scraper] DEBUG: Scraped from <200 https://lovdata.no/info/rss>
{'extracted_url': 'https://lovdata.no/info/rss'}
2020-03-27 01:42:04 [scrapy.core.scraper] DEBUG: Scraped from <200 https://lovdata.no/advokater/>
{'extracted_url': 'https://lovdata.no/advokater/'}
2020-03-27 01:42:04 [scrapy.core.scraper] DEBUG: Scraped from <200 https://lovdata.no/info/redaktoransvar>
{'extracted_url': 'https://lovdata.no/info/redaktoransvar'}
2020-03-27 01:42:04 [scrapy.core.engine] DEBUG: Crawled (200) <GET https://lovdata.no/info/lenker> (referer: https://lovdata.no/)
2020-03-27 01:42:04 [scrapy.core.engine] DEBUG: Crawled (200) <GET https://lovdata.no/artikkel/oversikt_ny_regulering_knytt_til_koronaviruset/2669> (referer: https://lovdata.no/)
2020-03-27 01:42:04 [scrapy.core.engine] DEBUG: Crawled (200) <GET https://lovdata.no/eli/> (referer: https://lovdata.no/)
2020-03-27 01:42:04 [scrapy.core.engine] DEBUG: Crawled (200) <GET https://lovdata.no/info/eksamen> (referer: https://lovdata.no/)
2020-03-27 01:42:04 [scrapy.core.engine] DEBUG: Crawled (200) <GET https://lovdata.no/> (referer: https://lovdata.no/)
2020-03-27 01:42:04 [scrapy.downloadermiddlewares.redirect] DEBUG: Redirecting (302) to <GET https://lovdata.no/pro/> from <GET https://lovdata.no/pro>
2020-03-27 01:42:04 [scrapy.core.engine] DEBUG: Crawled (200) <GET https://lovdata.no/artikkel/ekstraordinaert_statsrad_18__mars_2020/2676> (referer: https://lovdata.no/)
2020-03-27 01:42:04 [scrapy.core.engine] DEBUG: Crawled (200) <GET https://lovdata.no/artikkel/forskrifter_med_heimel_i_koronaloven/2682> (referer: https://lovdata.no/)
2020-03-27 01:42:04 [scrapy.core.scraper] DEBUG: Scraped from <200 https://lovdata.no/info/lenker>
{'extracted_url': 'https://lovdata.no/info/lenker'}
2020-03-27 01:42:04 [scrapy.core.scraper] DEBUG: Scraped from <200 https://lovdata.no/artikkel/oversikt_ny_regulering_knytt_til_koronaviruset/2669>
{'extracted_url': 'https://lovdata.no/artikkel/oversikt_ny_regulering_knytt_til_koronaviruset/2669'}
2020-03-27 01:42:04 [scrapy.core.scraper] DEBUG: Scraped from <200 https://lovdata.no/eli/>
{'extracted_url': 'https://lovdata.no/eli/'}
2020-03-27 01:42:04 [scrapy.core.scraper] DEBUG: Scraped from <200 https://lovdata.no/info/eksamen>
{'extracted_url': 'https://lovdata.no/info/eksamen'}
2020-03-27 01:42:04 [scrapy.core.scraper] DEBUG: Scraped from <200 https://lovdata.no/>
{'extracted_url': 'https://lovdata.no/'}
2020-03-27 01:42:04 [scrapy.core.engine] DEBUG: Crawled (200) <GET https://lovdata.no/artikler> (referer: https://lovdata.no/)
2020-03-27 01:42:04 [scrapy.core.scraper] DEBUG: Scraped from <200 https://lovdata.no/artikkel/ekstraordinaert_statsrad_18__mars_2020/2676>
{'extracted_url': 'https://lovdata.no/artikkel/ekstraordinaert_statsrad_18__mars_2020/2676'}
2020-03-27 01:42:04 [scrapy.core.scraper] DEBUG: Scraped from <200 https://lovdata.no/artikkel/forskrifter_med_heimel_i_koronaloven/2682>
{'extracted_url': 'https://lovdata.no/artikkel/forskrifter_med_heimel_i_koronaloven/2682'}
2020-03-27 01:42:04 [scrapy.core.engine] DEBUG: Crawled (200) <GET https://lovdata.no/dokument/NL/lov/2005-05-20-28> (referer: https://lovdata.no/)
2020-03-27 01:42:05 [scrapy.core.engine] DEBUG: Crawled (200) <GET https://lovdata.no/dokument/SPH/sph-2020> (referer: https://lovdata.no/)
2020-03-27 01:42:05 [scrapy.core.scraper] DEBUG: Scraped from <200 https://lovdata.no/artikler>
{'extracted_url': 'https://lovdata.no/artikler'}
2020-03-27 01:42:05 [scrapy.core.scraper] DEBUG: Scraped from <200 https://lovdata.no/dokument/NL/lov/2005-05-20-28>
{'extracted_url': 'https://lovdata.no/dokument/NL/lov/2005-05-20-28'}
2020-03-27 01:42:05 [scrapy.core.engine] DEBUG: Crawled (200) <GET https://lovdata.no/artikkel/riksadvokatens_brev_om_straff_ved_smittevern-lovbrot/2675> (referer: https://lovdata.no/)
2020-03-27 01:42:05 [scrapy.core.engine] DEBUG: Crawled (200) <GET https://lovdata.no/artikkel/gjeldande_reglar_karantene_etter_opphald_i_utlandet/2674> (referer: https://lovdata.no/)
2020-03-27 01:42:05 [scrapy.core.engine] DEBUG: Crawled (200) <GET https://lovdata.no/artikkel/statsrad_20__mars_2020/2679> (referer: https://lovdata.no/)
2020-03-27 01:42:05 [scrapy.core.scraper] DEBUG: Scraped from <200 https://lovdata.no/dokument/SPH/sph-2020>
{'extracted_url': 'https://lovdata.no/dokument/SPH/sph-2020'}
2020-03-27 01:42:05 [scrapy.core.scraper] DEBUG: Scraped from <200 https://lovdata.no/artikkel/riksadvokatens_brev_om_straff_ved_smittevern-lovbrot/2675>
{'extracted_url': 'https://lovdata.no/artikkel/riksadvokatens_brev_om_straff_ved_smittevern-lovbrot/2675'}
2020-03-27 01:42:05 [scrapy.core.scraper] DEBUG: Scraped from <200 https://lovdata.no/artikkel/gjeldande_reglar_karantene_etter_opphald_i_utlandet/2674>
{'extracted_url': 'https://lovdata.no/artikkel/gjeldande_reglar_karantene_etter_opphald_i_utlandet/2674'}
2020-03-27 01:42:05 [scrapy.core.scraper] DEBUG: Scraped from <200 https://lovdata.no/artikkel/statsrad_20__mars_2020/2679>
{'extracted_url': 'https://lovdata.no/artikkel/statsrad_20__mars_2020/2679'}
2020-03-27 01:42:05 [scrapy.core.engine] DEBUG: Crawled (200) <GET https://lovdata.no/artikkel/reglar_om_karantene_isolasjon_og_forbod_mot_overnatting_pa_fritidseigedom_mv_/2672> (referer: https://lovdata.no/)
2020-03-27 01:42:05 [scrapy.core.engine] DEBUG: Crawled (200) <GET https://lovdata.no/artikkel/ekstraordinaert_statsrad_15__mars_2020/2671> (referer: https://lovdata.no/)
2020-03-27 01:42:05 [scrapy.core.engine] DEBUG: Crawled (200) <GET https://lovdata.no/artikkel/statsrad_13__mars_2020/2670> (referer: https://lovdata.no/)
2020-03-27 01:42:05 [scrapy.core.scraper] DEBUG: Scraped from <200 https://lovdata.no/artikkel/reglar_om_karantene_isolasjon_og_forbod_mot_overnatting_pa_fritidseigedom_mv_/2672>
{'extracted_url': 'https://lovdata.no/artikkel/reglar_om_karantene_isolasjon_og_forbod_mot_overnatting_pa_fritidseigedom_mv_/2672'}
2020-03-27 01:42:05 [scrapy.core.scraper] DEBUG: Scraped from <200 https://lovdata.no/artikkel/ekstraordinaert_statsrad_15__mars_2020/2671>
{'extracted_url': 'https://lovdata.no/artikkel/ekstraordinaert_statsrad_15__mars_2020/2671'}
2020-03-27 01:42:05 [scrapy.core.engine] DEBUG: Crawled (200) <GET https://lovdata.no/dokument/LTI/forskrift/2020-03-26-448> (referer: https://lovdata.no/)
2020-03-27 01:42:05 [scrapy.core.engine] DEBUG: Crawled (200) <GET https://lovdata.no/dokument/LTI/forskrift/2020-03-25-447> (referer: https://lovdata.no/)
2020-03-27 01:42:05 [scrapy.core.engine] DEBUG: Crawled (200) <GET https://lovdata.no/dokument/LTI/forskrift/2020-03-24-446> (referer: https://lovdata.no/)
2020-03-27 01:42:05 [scrapy.core.scraper] DEBUG: Scraped from <200 https://lovdata.no/artikkel/statsrad_13__mars_2020/2670>
{'extracted_url': 'https://lovdata.no/artikkel/statsrad_13__mars_2020/2670'}
2020-03-27 01:42:05 [scrapy.core.scraper] DEBUG: Scraped from <200 https://lovdata.no/dokument/LTI/forskrift/2020-03-26-448>
{'extracted_url': 'https://lovdata.no/dokument/LTI/forskrift/2020-03-26-448'}
2020-03-27 01:42:05 [scrapy.core.scraper] DEBUG: Scraped from <200 https://lovdata.no/dokument/LTI/forskrift/2020-03-25-447>
{'extracted_url': 'https://lovdata.no/dokument/LTI/forskrift/2020-03-25-447'}
2020-03-27 01:42:05 [scrapy.core.scraper] DEBUG: Scraped from <200 https://lovdata.no/dokument/LTI/forskrift/2020-03-24-446>
{'extracted_url': 'https://lovdata.no/dokument/LTI/forskrift/2020-03-24-446'}
2020-03-27 01:42:05 [scrapy.core.engine] DEBUG: Crawled (200) <GET https://lovdata.no/dokument/LTI/forskrift/2020-03-23-445> (referer: https://lovdata.no/)
2020-03-27 01:42:05 [scrapy.core.engine] DEBUG: Crawled (200) <GET https://lovdata.no/dokument/LTI/forskrift/2020-03-23-444> (referer: https://lovdata.no/)
2020-03-27 01:42:05 [scrapy.core.engine] DEBUG: Crawled (200) <GET https://lovdata.no/dokument/LHSIV/avgjorelse/lh-2020-44587> (referer: https://lovdata.no/)
2020-03-27 01:42:06 [scrapy.core.scraper] DEBUG: Scraped from <200 https://lovdata.no/dokument/LTI/forskrift/2020-03-23-445>
{'extracted_url': 'https://lovdata.no/dokument/LTI/forskrift/2020-03-23-445'}
2020-03-27 01:42:06 [scrapy.core.scraper] DEBUG: Scraped from <200 https://lovdata.no/dokument/LTI/forskrift/2020-03-23-444>
{'extracted_url': 'https://lovdata.no/dokument/LTI/forskrift/2020-03-23-444'}
2020-03-27 01:42:06 [scrapy.core.scraper] DEBUG: Scraped from <200 https://lovdata.no/dokument/LHSIV/avgjorelse/lh-2020-44587>
{'extracted_url': 'https://lovdata.no/dokument/LHSIV/avgjorelse/lh-2020-44587'}
2020-03-27 01:42:06 [scrapy.core.engine] DEBUG: Crawled (200) <GET https://lovdata.no/dokument/LESTR/avgjorelse/le-2020-40092> (referer: https://lovdata.no/)
2020-03-27 01:42:06 [scrapy.core.engine] DEBUG: Crawled (200) <GET https://lovdata.no/dokument/LHSTR/avgjorelse/lh-2019-158589> (referer: https://lovdata.no/)
2020-03-27 01:42:06 [scrapy.core.scraper] DEBUG: Scraped from <200 https://lovdata.no/dokument/LESTR/avgjorelse/le-2020-40092>
{'extracted_url': 'https://lovdata.no/dokument/LESTR/avgjorelse/le-2020-40092'}
2020-03-27 01:42:06 [scrapy.core.scraper] DEBUG: Scraped from <200 https://lovdata.no/dokument/LHSTR/avgjorelse/lh-2019-158589>
{'extracted_url': 'https://lovdata.no/dokument/LHSTR/avgjorelse/lh-2019-158589'}
2020-03-27 01:42:06 [scrapy.downloadermiddlewares.redirect] DEBUG: Redirecting (302) to <GET https://lovdata.no/pro/auth/login> from <GET https://lovdata.no/pro/>
2020-03-27 01:42:06 [scrapy.core.engine] DEBUG: Crawled (200) <GET https://lovdata.no/dokument/NL/lov/2008-06-27-71> (referer: https://lovdata.no/)
2020-03-27 01:42:06 [scrapy.core.engine] DEBUG: Crawled (200) <GET https://lovdata.no/dokument/LFSIV/avgjorelse/lf-2019-176209> (referer: https://lovdata.no/)
2020-03-27 01:42:06 [scrapy.core.engine] DEBUG: Crawled (200) <GET https://lovdata.no/dokument/LHSIV/avgjorelse/lh-2020-38108> (referer: https://lovdata.no/)
2020-03-27 01:42:06 [scrapy.core.scraper] DEBUG: Scraped from <200 https://lovdata.no/dokument/NL/lov/2008-06-27-71>
{'extracted_url': 'https://lovdata.no/dokument/NL/lov/2008-06-27-71'}
2020-03-27 01:42:06 [scrapy.core.engine] DEBUG: Crawled (200) <GET https://lovdata.no/info/information_in_english> (referer: https://lovdata.no/)
2020-03-27 01:42:06 [scrapy.core.engine] DEBUG: Crawled (200) <GET https://lovdata.no/info/faq> (referer: https://lovdata.no/)
2020-03-27 01:42:06 [scrapy.core.engine] DEBUG: Crawled (200) <GET https://lovdata.no/info/om_lagmannsrettens_rettskraft> (referer: https://lovdata.no/register/dommer)
2020-03-27 01:42:06 [scrapy.core.scraper] DEBUG: Scraped from <200 https://lovdata.no/dokument/LFSIV/avgjorelse/lf-2019-176209>
{'extracted_url': 'https://lovdata.no/dokument/LFSIV/avgjorelse/lf-2019-176209'}
2020-03-27 01:42:06 [scrapy.core.scraper] DEBUG: Scraped from <200 https://lovdata.no/dokument/LHSIV/avgjorelse/lh-2020-38108>
{'extracted_url': 'https://lovdata.no/dokument/LHSIV/avgjorelse/lh-2020-38108'}
2020-03-27 01:42:06 [scrapy.core.engine] DEBUG: Crawled (200) <GET https://lovdata.no/info/om_emdn> (referer: https://lovdata.no/register/dommer)
2020-03-27 01:42:06 [scrapy.core.scraper] DEBUG: Scraped from <200 https://lovdata.no/info/information_in_english>
{'extracted_url': 'https://lovdata.no/info/information_in_english'}
2020-03-27 01:42:06 [scrapy.core.scraper] DEBUG: Scraped from <200 https://lovdata.no/info/faq>
{'extracted_url': 'https://lovdata.no/info/faq'}
2020-03-27 01:42:06 [scrapy.core.scraper] DEBUG: Scraped from <200 https://lovdata.no/info/om_lagmannsrettens_rettskraft>
{'extracted_url': 'https://lovdata.no/info/om_lagmannsrettens_rettskraft'}
2020-03-27 01:42:06 [scrapy.core.engine] DEBUG: Crawled (200) <GET https://lovdata.no/dokument/HRSIV/avgjorelse/hr-2020-611-a> (referer: https://lovdata.no/register/dommer)
2020-03-27 01:42:06 [scrapy.core.engine] DEBUG: Crawled (200) <GET https://lovdata.no/dokument/LHSIV/avgjorelse/lh-2020-18330> (referer: https://lovdata.no/register/dommer)
2020-03-27 01:42:06 [scrapy.core.scraper] DEBUG: Scraped from <200 https://lovdata.no/info/om_emdn>
{'extracted_url': 'https://lovdata.no/info/om_emdn'}
2020-03-27 01:42:06 [scrapy.core.engine] DEBUG: Crawled (200) <GET https://lovdata.no/dokument/NL/lov/1988-05-06-22> (referer: https://lovdata.no/)
2020-03-27 01:42:06 [scrapy.core.engine] DEBUG: Crawled (200) <GET https://lovdata.no/dokument/LESIV/avgjorelse/le-2019-98808> (referer: https://lovdata.no/register/dommer)
2020-03-27 01:42:06 [scrapy.core.scraper] DEBUG: Scraped from <200 https://lovdata.no/dokument/HRSIV/avgjorelse/hr-2020-611-a>
{'extracted_url': 'https://lovdata.no/dokument/HRSIV/avgjorelse/hr-2020-611-a'}
2020-03-27 01:42:06 [scrapy.core.scraper] DEBUG: Scraped from <200 https://lovdata.no/dokument/LHSIV/avgjorelse/lh-2020-18330>
{'extracted_url': 'https://lovdata.no/dokument/LHSIV/avgjorelse/lh-2020-18330'}
2020-03-27 01:42:06 [scrapy.core.scraper] DEBUG: Scraped from <200 https://lovdata.no/dokument/NL/lov/1988-05-06-22>
{'extracted_url': 'https://lovdata.no/dokument/NL/lov/1988-05-06-22'}
2020-03-27 01:42:06 [scrapy.core.engine] DEBUG: Crawled (200) <GET https://lovdata.no/dokument/LBSTR/avgjorelse/lb-2019-161028> (referer: https://lovdata.no/register/dommer)
2020-03-27 01:42:06 [scrapy.core.engine] DEBUG: Crawled (200) <GET https://lovdata.no/dokument/LFSTR/avgjorelse/lf-2020-2795> (referer: https://lovdata.no/register/dommer)
2020-03-27 01:42:07 [scrapy.downloadermiddlewares.redirect] DEBUG: Redirecting (301) to <GET https://lovdata.no/pro/> from <GET http://lovdata.no/pro/#registry/chronological/AVG/2020>
2020-03-27 01:42:07 [scrapy.core.scraper] DEBUG: Scraped from <200 https://lovdata.no/dokument/LESIV/avgjorelse/le-2019-98808>
{'extracted_url': 'https://lovdata.no/dokument/LESIV/avgjorelse/le-2019-98808'}
2020-03-27 01:42:07 [scrapy.core.scraper] DEBUG: Scraped from <200 https://lovdata.no/dokument/LBSTR/avgjorelse/lb-2019-161028>
{'extracted_url': 'https://lovdata.no/dokument/LBSTR/avgjorelse/lb-2019-161028'}
2020-03-27 01:42:07 [scrapy.core.scraper] DEBUG: Scraped from <200 https://lovdata.no/dokument/LFSTR/avgjorelse/lf-2020-2795>
{'extracted_url': 'https://lovdata.no/dokument/LFSTR/avgjorelse/lf-2020-2795'}
2020-03-27 01:42:07 [scrapy.core.engine] DEBUG: Crawled (200) <GET https://lovdata.no/dokument/LBSIV/avgjorelse/lb-2019-153111> (referer: https://lovdata.no/register/dommer)
2020-03-27 01:42:07 [scrapy.core.engine] DEBUG: Crawled (200) <GET https://lovdata.no/dokument/LASIV/avgjorelse/la-2020-13350> (referer: https://lovdata.no/register/dommer)
2020-03-27 01:42:07 [scrapy.core.engine] DEBUG: Crawled (200) <GET https://lovdata.no/dokument/HRSTR/avgjorelse/hr-2020-596-u> (referer: https://lovdata.no/register/dommer)
2020-03-27 01:42:07 [scrapy.core.scraper] DEBUG: Scraped from <200 https://lovdata.no/dokument/LBSIV/avgjorelse/lb-2019-153111>
{'extracted_url': 'https://lovdata.no/dokument/LBSIV/avgjorelse/lb-2019-153111'}
2020-03-27 01:42:07 [scrapy.core.scraper] DEBUG: Scraped from <200 https://lovdata.no/dokument/LASIV/avgjorelse/la-2020-13350>
{'extracted_url': 'https://lovdata.no/dokument/LASIV/avgjorelse/la-2020-13350'}
2020-03-27 01:42:07 [scrapy.core.scraper] DEBUG: Scraped from <200 https://lovdata.no/dokument/HRSTR/avgjorelse/hr-2020-596-u>
{'extracted_url': 'https://lovdata.no/dokument/HRSTR/avgjorelse/hr-2020-596-u'}
2020-03-27 01:42:07 [scrapy.core.engine] DEBUG: Crawled (200) <GET https://lovdata.no/dokument/LFSIV/avgjorelse/lf-2019-93713> (referer: https://lovdata.no/register/dommer)
2020-03-27 01:42:07 [scrapy.core.engine] DEBUG: Crawled (200) <GET https://lovdata.no/dokument/LHSIV/avgjorelse/lh-2019-175650> (referer: https://lovdata.no/register/dommer)
2020-03-27 01:42:07 [scrapy.core.engine] DEBUG: Crawled (200) <GET https://lovdata.no/dokument/LBSIV/avgjorelse/lb-2019-161791> (referer: https://lovdata.no/register/dommer)
2020-03-27 01:42:07 [scrapy.core.engine] DEBUG: Crawled (200) <GET https://lovdata.no/dokument/HRSTR/avgjorelse/hr-2020-593-u> (referer: https://lovdata.no/register/dommer)
2020-03-27 01:42:07 [scrapy.core.scraper] DEBUG: Scraped from <200 https://lovdata.no/dokument/LFSIV/avgjorelse/lf-2019-93713>
{'extracted_url': 'https://lovdata.no/dokument/LFSIV/avgjorelse/lf-2019-93713'}
2020-03-27 01:42:07 [scrapy.core.scraper] DEBUG: Scraped from <200 https://lovdata.no/dokument/LHSIV/avgjorelse/lh-2019-175650>
{'extracted_url': 'https://lovdata.no/dokument/LHSIV/avgjorelse/lh-2019-175650'}
2020-03-27 01:42:07 [scrapy.core.scraper] DEBUG: Scraped from <200 https://lovdata.no/dokument/LBSIV/avgjorelse/lb-2019-161791>
{'extracted_url': 'https://lovdata.no/dokument/LBSIV/avgjorelse/lb-2019-161791'}
2020-03-27 01:42:07 [scrapy.core.scraper] DEBUG: Scraped from <200 https://lovdata.no/dokument/HRSTR/avgjorelse/hr-2020-593-u>
{'extracted_url': 'https://lovdata.no/dokument/HRSTR/avgjorelse/hr-2020-593-u'}
2020-03-27 01:42:07 [scrapy.core.engine] DEBUG: Crawled (200) <GET https://lovdata.no/dokument/LASTR/avgjorelse/la-2019-150528> (referer: https://lovdata.no/register/dommer)
2020-03-27 01:42:07 [scrapy.core.engine] DEBUG: Crawled (200) <GET https://lovdata.no/register/dommer?offset=20> (referer: https://lovdata.no/register/dommer)
2020-03-27 01:42:07 [scrapy.core.engine] DEBUG: Crawled (200) <GET https://lovdata.no/dokument/LASTR/avgjorelse/la-2020-30830> (referer: https://lovdata.no/register/dommer)
2020-03-27 01:42:07 [scrapy.core.engine] DEBUG: Crawled (200) <GET https://lovdata.no/register/tariffavtaler?dir=asc> (referer: https://lovdata.no/register/tariffavtaler)
2020-03-27 01:42:07 [scrapy.core.engine] DEBUG: Crawled (200) <GET https://grunnloven.lovdata.no/> (referer: None)
2020-03-27 01:42:07 [scrapy.core.engine] DEBUG: Crawled (200) <GET https://lovdata.no/dokument/LBSIV/avgjorelse/lb-2019-177184> (referer: https://lovdata.no/register/dommer)
2020-03-27 01:42:07 [scrapy.core.scraper] DEBUG: Scraped from <200 https://lovdata.no/dokument/LASTR/avgjorelse/la-2019-150528>
{'extracted_url': 'https://lovdata.no/dokument/LASTR/avgjorelse/la-2019-150528'}
2020-03-27 01:42:07 [scrapy.core.scraper] DEBUG: Scraped from <200 https://lovdata.no/register/dommer?offset=20>
{'extracted_url': 'https://lovdata.no/register/dommer?offset=20'}
2020-03-27 01:42:07 [scrapy.core.scraper] DEBUG: Scraped from <200 https://lovdata.no/dokument/LASTR/avgjorelse/la-2020-30830>
{'extracted_url': 'https://lovdata.no/dokument/LASTR/avgjorelse/la-2020-30830'}
2020-03-27 01:42:07 [scrapy.core.scraper] DEBUG: Scraped from <200 https://lovdata.no/register/tariffavtaler?dir=asc>
{'extracted_url': 'https://lovdata.no/register/tariffavtaler?dir=asc'}
2020-03-27 01:42:07 [scrapy.core.scraper] DEBUG: Scraped from <200 https://grunnloven.lovdata.no/>
{'extracted_url': 'https://grunnloven.lovdata.no/'}
2020-03-27 01:42:07 [scrapy.core.engine] DEBUG: Crawled (200) <GET https://lovdata.no/register/tariffavtaler?sort=alpha> (referer: https://lovdata.no/register/tariffavtaler)
2020-03-27 01:42:07 [scrapy.core.engine] DEBUG: Crawled (200) <GET https://lovdata.no/dokument/TARO/tariff/taro-2018-515> (referer: https://lovdata.no/register/tariffavtaler)
2020-03-27 01:42:07 [scrapy.core.scraper] DEBUG: Scraped from <200 https://lovdata.no/dokument/LBSIV/avgjorelse/lb-2019-177184>
{'extracted_url': 'https://lovdata.no/dokument/LBSIV/avgjorelse/lb-2019-177184'}
2020-03-27 01:42:07 [scrapy.core.scraper] DEBUG: Scraped from <200 https://lovdata.no/register/tariffavtaler?sort=alpha>
{'extracted_url': 'https://lovdata.no/register/tariffavtaler?sort=alpha'}
2020-03-27 01:42:07 [scrapy.core.scraper] DEBUG: Scraped from <200 https://lovdata.no/dokument/TARO/tariff/taro-2018-515>
{'extracted_url': 'https://lovdata.no/dokument/TARO/tariff/taro-2018-515'}
2020-03-27 01:42:08 [scrapy.core.engine] DEBUG: Crawled (200) <GET https://lovdata.no/dokument/TARO/tariff/taro-2018-516> (referer: https://lovdata.no/register/tariffavtaler)
2020-03-27 01:42:08 [scrapy.core.engine] DEBUG: Crawled (200) <GET https://lovdata.no/dokument/TARH/tariff/tarh-2018-514> (referer: https://lovdata.no/register/tariffavtaler)
2020-03-27 01:42:08 [scrapy.core.engine] DEBUG: Crawled (200) <GET https://lovdata.no/dokument/NL/lov/1997-02-28-19> (referer: https://lovdata.no/)
2020-03-27 01:42:08 [scrapy.core.engine] DEBUG: Crawled (200) <GET https://lovdata.no/dokument/TARO/tariff/taro-2018-243> (referer: https://lovdata.no/register/tariffavtaler)
2020-03-27 01:42:08 [scrapy.core.scraper] DEBUG: Scraped from <200 https://lovdata.no/dokument/TARO/tariff/taro-2018-516>
{'extracted_url': 'https://lovdata.no/dokument/TARO/tariff/taro-2018-516'}
2020-03-27 01:42:08 [scrapy.core.scraper] DEBUG: Scraped from <200 https://lovdata.no/dokument/TARH/tariff/tarh-2018-514>
{'extracted_url': 'https://lovdata.no/dokument/TARH/tariff/tarh-2018-514'}
2020-03-27 01:42:08 [scrapy.core.scraper] DEBUG: Scraped from <200 https://lovdata.no/dokument/NL/lov/1997-02-28-19>
{'extracted_url': 'https://lovdata.no/dokument/NL/lov/1997-02-28-19'}
2020-03-27 01:42:08 [scrapy.core.scraper] DEBUG: Scraped from <200 https://lovdata.no/dokument/TARO/tariff/taro-2018-243>
{'extracted_url': 'https://lovdata.no/dokument/TARO/tariff/taro-2018-243'}
2020-03-27 01:42:08 [scrapy.core.engine] DEBUG: Crawled (200) <GET https://lovdata.no/dokument/TARO/tariff/taro-2018-272> (referer: https://lovdata.no/register/tariffavtaler)
2020-03-27 01:42:08 [scrapy.core.engine] DEBUG: Crawled (200) <GET https://lovdata.no/dokument/NL/lov/1997-06-13-44> (referer: https://lovdata.no/)
2020-03-27 01:42:08 [scrapy.core.engine] DEBUG: Crawled (200) <GET https://lovdata.no/dokument/TARO/tariff/taro-2019-527> (referer: https://lovdata.no/register/tariffavtaler)
2020-03-27 01:42:08 [scrapy.core.scraper] DEBUG: Scraped from <200 https://lovdata.no/dokument/TARO/tariff/taro-2018-272>
{'extracted_url': 'https://lovdata.no/dokument/TARO/tariff/taro-2018-272'}
2020-03-27 01:42:08 [scrapy.core.scraper] DEBUG: Scraped from <200 https://lovdata.no/dokument/NL/lov/1997-06-13-44>
{'extracted_url': 'https://lovdata.no/dokument/NL/lov/1997-06-13-44'}
2020-03-27 01:42:08 [scrapy.core.scraper] DEBUG: Scraped from <200 https://lovdata.no/dokument/TARO/tariff/taro-2019-527>
{'extracted_url': 'https://lovdata.no/dokument/TARO/tariff/taro-2019-527'}
2020-03-27 01:42:09 [scrapy.core.engine] DEBUG: Crawled (200) <GET https://lovdata.no/dokument/TARO/tariff/taro-2018-271> (referer: https://lovdata.no/register/tariffavtaler)
2020-03-27 01:42:09 [scrapy.core.scraper] DEBUG: Scraped from <200 https://lovdata.no/dokument/TARO/tariff/taro-2018-271>
{'extracted_url': 'https://lovdata.no/dokument/TARO/tariff/taro-2018-271'}
2020-03-27 01:42:09 [scrapy.core.engine] DEBUG: Crawled (200) <GET https://lovdata.no/dokument/TARO/tariff/taro-2018-208> (referer: https://lovdata.no/register/tariffavtaler)
2020-03-27 01:42:09 [scrapy.core.engine] DEBUG: Crawled (200) <GET https://lovdata.no/dokument/TARO/tariff/taro-2018-520> (referer: https://lovdata.no/register/tariffavtaler)
2020-03-27 01:42:09 [scrapy.core.scraper] DEBUG: Scraped from <200 https://lovdata.no/dokument/TARO/tariff/taro-2018-208>
{'extracted_url': 'https://lovdata.no/dokument/TARO/tariff/taro-2018-208'}
2020-03-27 01:42:09 [scrapy.core.engine] DEBUG: Crawled (200) <GET https://lovdata.no/dokument/TARO/tariff/taro-2018-284> (referer: https://lovdata.no/register/tariffavtaler)
2020-03-27 01:42:09 [scrapy.core.scraper] DEBUG: Scraped from <200 https://lovdata.no/dokument/TARO/tariff/taro-2018-520>
{'extracted_url': 'https://lovdata.no/dokument/TARO/tariff/taro-2018-520'}
2020-03-27 01:42:09 [scrapy.core.scraper] DEBUG: Scraped from <200 https://lovdata.no/dokument/TARO/tariff/taro-2018-284>
{'extracted_url': 'https://lovdata.no/dokument/TARO/tariff/taro-2018-284'}
2020-03-27 01:42:10 [scrapy.core.engine] DEBUG: Crawled (200) <GET https://lovdata.no/dokument/TARO/tariff/taro-2018-519> (referer: https://lovdata.no/register/tariffavtaler)
2020-03-27 01:42:10 [scrapy.core.scraper] DEBUG: Scraped from <200 https://lovdata.no/dokument/TARO/tariff/taro-2018-519>
{'extracted_url': 'https://lovdata.no/dokument/TARO/tariff/taro-2018-519'}
2020-03-27 01:42:10 [scrapy.core.engine] DEBUG: Crawled (200) <GET https://lovdata.no/dokument/TARO/tariff/taro-2018-453> (referer: https://lovdata.no/register/tariffavtaler)
2020-03-27 01:42:10 [scrapy.core.scraper] DEBUG: Scraped from <200 https://lovdata.no/dokument/TARO/tariff/taro-2018-453>
{'extracted_url': 'https://lovdata.no/dokument/TARO/tariff/taro-2018-453'}
2020-03-27 01:42:11 [scrapy.core.engine] DEBUG: Crawled (200) <GET https://lovdata.no/dokument/TARO/tariff/taro-2018-510> (referer: https://lovdata.no/register/tariffavtaler)
2020-03-27 01:42:11 [scrapy.core.engine] DEBUG: Crawled (200) <GET https://lovdata.no/dokument/TARO/tariff/taro-2018-452> (referer: https://lovdata.no/register/tariffavtaler)
2020-03-27 01:42:11 [scrapy.core.scraper] DEBUG: Scraped from <200 https://lovdata.no/dokument/TARO/tariff/taro-2018-510>
{'extracted_url': 'https://lovdata.no/dokument/TARO/tariff/taro-2018-510'}
2020-03-27 01:42:11 [scrapy.core.scraper] DEBUG: Scraped from <200 https://lovdata.no/dokument/TARO/tariff/taro-2018-452>
{'extracted_url': 'https://lovdata.no/dokument/TARO/tariff/taro-2018-452'}
2020-03-27 01:42:11 [scrapy.core.engine] DEBUG: Crawled (200) <GET https://lovdata.no/dokument/NL/lov/2005-06-17-62> (referer: https://lovdata.no/)
2020-03-27 01:42:11 [scrapy.core.engine] DEBUG: Crawled (200) <GET https://lovdata.no/register/tariffavtaler?offset=20> (referer: https://lovdata.no/register/tariffavtaler)
2020-03-27 01:42:11 [scrapy.core.scraper] DEBUG: Scraped from <200 https://lovdata.no/dokument/NL/lov/2005-06-17-62>
{'extracted_url': 'https://lovdata.no/dokument/NL/lov/2005-06-17-62'}
2020-03-27 01:42:11 [scrapy.core.scraper] DEBUG: Scraped from <200 https://lovdata.no/register/tariffavtaler?offset=20>
{'extracted_url': 'https://lovdata.no/register/tariffavtaler?offset=20'}
2020-03-27 01:42:12 [scrapy.core.engine] DEBUG: Crawled (200) <GET https://lovdata.no/register/opphevedeForskrifter> (referer: https://lovdata.no/register/forskrifter)
2020-03-27 01:42:12 [scrapy.core.engine] DEBUG: Crawled (200) <GET https://lovdata.no/dokument/TARO/tariff/taro-2018-390> (referer: https://lovdata.no/register/tariffavtaler)
2020-03-27 01:42:12 [scrapy.core.engine] DEBUG: Crawled (200) <GET https://lovdata.no/dokument/TARO/tariff/taro-2018-330> (referer: https://lovdata.no/register/tariffavtaler)
2020-03-27 01:42:12 [scrapy.core.engine] DEBUG: Crawled (200) <GET https://lovdata.no/register/forskrifter?dir=asc> (referer: https://lovdata.no/register/forskrifter)
2020-03-27 01:42:12 [scrapy.core.engine] INFO: Closing spider (closespider_pagecount)
2020-03-27 01:42:12 [scrapy.core.scraper] DEBUG: Scraped from <200 https://lovdata.no/register/opphevedeForskrifter>
{'extracted_url': 'https://lovdata.no/register/opphevedeForskrifter'}
2020-03-27 01:42:12 [scrapy.core.scraper] DEBUG: Scraped from <200 https://lovdata.no/dokument/TARO/tariff/taro-2018-390>
{'extracted_url': 'https://lovdata.no/dokument/TARO/tariff/taro-2018-390'}
2020-03-27 01:42:12 [scrapy.core.scraper] DEBUG: Scraped from <200 https://lovdata.no/dokument/TARO/tariff/taro-2018-330>
{'extracted_url': 'https://lovdata.no/dokument/TARO/tariff/taro-2018-330'}
2020-03-27 01:42:12 [scrapy.core.scraper] DEBUG: Scraped from <200 https://lovdata.no/register/forskrifter?dir=asc>
{'extracted_url': 'https://lovdata.no/register/forskrifter?dir=asc'}
2020-03-27 01:42:12 [scrapy.core.engine] DEBUG: Crawled (200) <GET https://lovdata.no/dokument/SF/forskrift/2020-03-24-427> (referer: https://lovdata.no/register/forskrifter)
2020-03-27 01:42:12 [scrapy.core.engine] DEBUG: Crawled (200) <GET https://lovdata.no/dokument/SF/forskrift/2020-03-23-444> (referer: https://lovdata.no/register/forskrifter)
2020-03-27 01:42:12 [scrapy.core.scraper] DEBUG: Scraped from <200 https://lovdata.no/dokument/SF/forskrift/2020-03-24-427>
{'extracted_url': 'https://lovdata.no/dokument/SF/forskrift/2020-03-24-427'}
2020-03-27 01:42:12 [scrapy.core.scraper] DEBUG: Scraped from <200 https://lovdata.no/dokument/SF/forskrift/2020-03-23-444>
{'extracted_url': 'https://lovdata.no/dokument/SF/forskrift/2020-03-23-444'}
2020-03-27 01:42:12 [scrapy.core.engine] DEBUG: Crawled (200) <GET https://lovdata.no/register/forskrifter?sort=alpha> (referer: https://lovdata.no/register/forskrifter)
2020-03-27 01:42:13 [scrapy.core.scraper] DEBUG: Scraped from <200 https://lovdata.no/register/forskrifter?sort=alpha>
{'extracted_url': 'https://lovdata.no/register/forskrifter?sort=alpha'}
2020-03-27 01:42:13 [scrapy.core.engine] DEBUG: Crawled (200) <GET https://lovdata.no/dokument/SF/forskrift/2020-03-23-422> (referer: https://lovdata.no/register/forskrifter)
2020-03-27 01:42:13 [scrapy.core.engine] DEBUG: Crawled (200) <GET https://lovdata.no/dokument/SF/forskrift/2020-03-23-408> (referer: https://lovdata.no/register/forskrifter)
2020-03-27 01:42:13 [scrapy.core.scraper] DEBUG: Scraped from <200 https://lovdata.no/dokument/SF/forskrift/2020-03-23-422>
{'extracted_url': 'https://lovdata.no/dokument/SF/forskrift/2020-03-23-422'}
2020-03-27 01:42:13 [scrapy.core.scraper] DEBUG: Scraped from <200 https://lovdata.no/dokument/SF/forskrift/2020-03-23-408>
{'extracted_url': 'https://lovdata.no/dokument/SF/forskrift/2020-03-23-408'}
2020-03-27 01:42:13 [scrapy.core.engine] DEBUG: Crawled (200) <GET https://lovdata.no/dokument/SF/forskrift/2020-03-23-407> (referer: https://lovdata.no/register/forskrifter)
2020-03-27 01:42:13 [scrapy.core.engine] DEBUG: Crawled (200) <GET https://lovdata.no/dokument/SF/forskrift/2020-03-23-405> (referer: https://lovdata.no/register/forskrifter)
2020-03-27 01:42:13 [scrapy.core.engine] DEBUG: Crawled (200) <GET https://lovdata.no/dokument/SF/forskrift/2020-03-23-403> (referer: https://lovdata.no/register/forskrifter)
2020-03-27 01:42:13 [scrapy.core.engine] DEBUG: Crawled (200) <GET https://lovdata.no/dokument/SF/forskrift/2020-03-24-425> (referer: https://lovdata.no/register/forskrifter)
2020-03-27 01:42:13 [scrapy.core.scraper] DEBUG: Scraped from <200 https://lovdata.no/dokument/SF/forskrift/2020-03-23-407>
{'extracted_url': 'https://lovdata.no/dokument/SF/forskrift/2020-03-23-407'}
2020-03-27 01:42:13 [scrapy.core.scraper] DEBUG: Scraped from <200 https://lovdata.no/dokument/SF/forskrift/2020-03-23-405>
{'extracted_url': 'https://lovdata.no/dokument/SF/forskrift/2020-03-23-405'}
2020-03-27 01:42:13 [scrapy.core.scraper] DEBUG: Scraped from <200 https://lovdata.no/dokument/SF/forskrift/2020-03-23-403>
{'extracted_url': 'https://lovdata.no/dokument/SF/forskrift/2020-03-23-403'}
2020-03-27 01:42:14 [scrapy.core.scraper] DEBUG: Scraped from <200 https://lovdata.no/dokument/SF/forskrift/2020-03-24-425>
{'extracted_url': 'https://lovdata.no/dokument/SF/forskrift/2020-03-24-425'}
2020-03-27 01:42:14 [scrapy.core.engine] DEBUG: Crawled (200) <GET https://lovdata.no/dokument/TARO/tariff/taro-2018-512> (referer: https://lovdata.no/register/tariffavtaler)
2020-03-27 01:42:14 [scrapy.core.engine] DEBUG: Crawled (200) <GET https://lovdata.no/dokument/SF/forskrift/2020-03-23-402> (referer: https://lovdata.no/register/forskrifter)
2020-03-27 01:42:14 [scrapy.core.engine] DEBUG: Crawled (200) <GET https://lovdata.no/dokument/SF/forskrift/2020-03-23-390> (referer: https://lovdata.no/register/forskrifter)
2020-03-27 01:42:14 [scrapy.core.engine] DEBUG: Crawled (200) <GET https://lovdata.no/dokument/SF/forskrift/2020-03-21-386> (referer: https://lovdata.no/register/forskrifter)
2020-03-27 01:42:14 [scrapy.core.scraper] DEBUG: Scraped from <200 https://lovdata.no/dokument/TARO/tariff/taro-2018-512>
{'extracted_url': 'https://lovdata.no/dokument/TARO/tariff/taro-2018-512'}
2020-03-27 01:42:14 [scrapy.core.scraper] DEBUG: Scraped from <200 https://lovdata.no/dokument/SF/forskrift/2020-03-23-402>
{'extracted_url': 'https://lovdata.no/dokument/SF/forskrift/2020-03-23-402'}
2020-03-27 01:42:14 [scrapy.core.scraper] DEBUG: Scraped from <200 https://lovdata.no/dokument/SF/forskrift/2020-03-23-390>
{'extracted_url': 'https://lovdata.no/dokument/SF/forskrift/2020-03-23-390'}
2020-03-27 01:42:14 [scrapy.core.scraper] DEBUG: Scraped from <200 https://lovdata.no/dokument/SF/forskrift/2020-03-21-386>
{'extracted_url': 'https://lovdata.no/dokument/SF/forskrift/2020-03-21-386'}
2020-03-27 01:42:14 [scrapy.core.engine] DEBUG: Crawled (200) <GET https://lovdata.no/dokument/SF/forskrift/2020-03-20-412> (referer: https://lovdata.no/register/forskrifter)
2020-03-27 01:42:14 [scrapy.core.engine] DEBUG: Crawled (200) <GET https://lovdata.no/dokument/SF/forskrift/2020-03-20-368> (referer: https://lovdata.no/register/forskrifter)
2020-03-27 01:42:14 [scrapy.core.engine] DEBUG: Crawled (200) <GET https://lovdata.no/dokument/SF/forskrift/2020-03-20-375> (referer: https://lovdata.no/register/forskrifter)
2020-03-27 01:42:14 [scrapy.core.engine] DEBUG: Crawled (200) <GET https://lovdata.no/dokument/SF/forskrift/2020-03-20-374> (referer: https://lovdata.no/register/forskrifter)
2020-03-27 01:42:14 [scrapy.core.scraper] DEBUG: Scraped from <200 https://lovdata.no/dokument/SF/forskrift/2020-03-20-412>
{'extracted_url': 'https://lovdata.no/dokument/SF/forskrift/2020-03-20-412'}
2020-03-27 01:42:14 [scrapy.core.scraper] DEBUG: Scraped from <200 https://lovdata.no/dokument/SF/forskrift/2020-03-20-368>
{'extracted_url': 'https://lovdata.no/dokument/SF/forskrift/2020-03-20-368'}
2020-03-27 01:42:14 [scrapy.core.scraper] DEBUG: Scraped from <200 https://lovdata.no/dokument/SF/forskrift/2020-03-20-375>
{'extracted_url': 'https://lovdata.no/dokument/SF/forskrift/2020-03-20-375'}
2020-03-27 01:42:14 [scrapy.core.scraper] DEBUG: Scraped from <200 https://lovdata.no/dokument/SF/forskrift/2020-03-20-374>
{'extracted_url': 'https://lovdata.no/dokument/SF/forskrift/2020-03-20-374'}
2020-03-27 01:42:14 [scrapy.core.engine] DEBUG: Crawled (200) <GET https://lovdata.no/dokument/SF/forskrift/2020-03-19-383> (referer: https://lovdata.no/register/forskrifter)
2020-03-27 01:42:14 [scrapy.core.engine] DEBUG: Crawled (200) <GET https://lovdata.no/dokument/SF/forskrift/2020-03-19-354> (referer: https://lovdata.no/register/forskrifter)
2020-03-27 01:42:14 [scrapy.core.engine] DEBUG: Crawled (200) <GET https://lovdata.no/dokument/SF/forskrift/2020-03-20-367> (referer: https://lovdata.no/register/forskrifter)
2020-03-27 01:42:14 [scrapy.core.engine] DEBUG: Crawled (200) <GET https://lovdata.no/dokument/SF/forskrift/2020-03-20-385> (referer: https://lovdata.no/register/forskrifter)
2020-03-27 01:42:14 [scrapy.core.engine] DEBUG: Crawled (200) <GET https://lovdata.no/dokument/SF/forskrift/2020-03-19-365> (referer: https://lovdata.no/register/forskrifter)
2020-03-27 01:42:14 [scrapy.core.scraper] DEBUG: Scraped from <200 https://lovdata.no/dokument/SF/forskrift/2020-03-19-383>
{'extracted_url': 'https://lovdata.no/dokument/SF/forskrift/2020-03-19-383'}
2020-03-27 01:42:14 [scrapy.core.scraper] DEBUG: Scraped from <200 https://lovdata.no/dokument/SF/forskrift/2020-03-19-354>
{'extracted_url': 'https://lovdata.no/dokument/SF/forskrift/2020-03-19-354'}
2020-03-27 01:42:14 [scrapy.core.scraper] DEBUG: Scraped from <200 https://lovdata.no/dokument/SF/forskrift/2020-03-20-367>
{'extracted_url': 'https://lovdata.no/dokument/SF/forskrift/2020-03-20-367'}
2020-03-27 01:42:15 [scrapy.core.scraper] DEBUG: Scraped from <200 https://lovdata.no/dokument/SF/forskrift/2020-03-20-385>
{'extracted_url': 'https://lovdata.no/dokument/SF/forskrift/2020-03-20-385'}
2020-03-27 01:42:15 [scrapy.core.scraper] DEBUG: Scraped from <200 https://lovdata.no/dokument/SF/forskrift/2020-03-19-365>
{'extracted_url': 'https://lovdata.no/dokument/SF/forskrift/2020-03-19-365'}
2020-03-27 01:42:15 [scrapy.core.engine] DEBUG: Crawled (200) <GET https://lovdata.no/dokument/TARO/tariff/taro-2018-466> (referer: https://lovdata.no/register/tariffavtaler)
2020-03-27 01:42:15 [scrapy.core.engine] DEBUG: Crawled (200) <GET https://lovdata.no/dokument/LF/forskrift/2020-03-26-435> (referer: https://lovdata.no/register/lokaleForskrifter)
2020-03-27 01:42:15 [scrapy.core.engine] DEBUG: Crawled (200) <GET https://lovdata.no/dokument/LF/forskrift/2020-03-25-434> (referer: https://lovdata.no/register/lokaleForskrifter)
2020-03-27 01:42:15 [scrapy.core.engine] DEBUG: Crawled (200) <GET https://lovdata.no/register/forskrifter?offset=20> (referer: https://lovdata.no/register/forskrifter)
2020-03-27 01:42:15 [scrapy.core.scraper] DEBUG: Scraped from <200 https://lovdata.no/dokument/TARO/tariff/taro-2018-466>
{'extracted_url': 'https://lovdata.no/dokument/TARO/tariff/taro-2018-466'}
2020-03-27 01:42:15 [scrapy.core.scraper] DEBUG: Scraped from <200 https://lovdata.no/dokument/LF/forskrift/2020-03-26-435>
{'extracted_url': 'https://lovdata.no/dokument/LF/forskrift/2020-03-26-435'}
2020-03-27 01:42:15 [scrapy.core.scraper] DEBUG: Scraped from <200 https://lovdata.no/dokument/LF/forskrift/2020-03-25-434>
{'extracted_url': 'https://lovdata.no/dokument/LF/forskrift/2020-03-25-434'}
2020-03-27 01:42:15 [scrapy.core.scraper] DEBUG: Scraped from <200 https://lovdata.no/register/forskrifter?offset=20>
{'extracted_url': 'https://lovdata.no/register/forskrifter?offset=20'}
2020-03-27 01:42:15 [scrapy.core.engine] DEBUG: Crawled (200) <GET https://lovdata.no/dokument/TARO/tariff/taro-2018-211> (referer: https://lovdata.no/register/tariffavtaler)
2020-03-27 01:42:15 [scrapy.core.scraper] DEBUG: Scraped from <200 https://lovdata.no/dokument/TARO/tariff/taro-2018-211>
{'extracted_url': 'https://lovdata.no/dokument/TARO/tariff/taro-2018-211'}
2020-03-27 01:42:19 [scrapy.core.engine] DEBUG: Crawled (200) <GET https://lovdata.no/dokument/TARO/tariff/taro-2018-505> (referer: https://lovdata.no/register/tariffavtaler)
2020-03-27 01:42:20 [scrapy.core.scraper] DEBUG: Scraped from <200 https://lovdata.no/dokument/TARO/tariff/taro-2018-505>
{'extracted_url': 'https://lovdata.no/dokument/TARO/tariff/taro-2018-505'}
2020-03-27 01:42:20 [scrapy.core.engine] ERROR: Scraper close failure
Traceback (most recent call last):
  File "/Library/Frameworks/Python.framework/Versions/3.8/lib/python3.8/site-packages/twisted/internet/task.py", line 517, in _oneWorkUnit
    result = next(self._iterator)
StopIteration

During handling of the above exception, another exception occurred:

Traceback (most recent call last):
  File "/Users/pratikaher/ScrapyProjects/customcrawler/customcrawler/pipelines.py", line 115, in close_spider
    session.add(time_to_crawl)
NameError: name 'session' is not defined

During handling of the above exception, another exception occurred:

Traceback (most recent call last):
  File "/Library/Frameworks/Python.framework/Versions/3.8/lib/python3.8/site-packages/twisted/internet/defer.py", line 654, in _runCallbacks
    current.result = callback(current.result, *args, **kw)
  File "/Users/pratikaher/ScrapyProjects/customcrawler/customcrawler/pipelines.py", line 119, in close_spider
    session.rollback()
NameError: name 'session' is not defined
2020-03-27 01:42:20 [scrapy.statscollectors] INFO: Dumping Scrapy stats:
{'downloader/request_bytes': 47929,
 'downloader/request_count': 133,
 'downloader/request_method_count/GET': 133,
 'downloader/response_bytes': 2295564,
 'downloader/response_count': 133,
 'downloader/response_status_count/200': 128,
 'downloader/response_status_count/301': 3,
 'downloader/response_status_count/302': 2,
 'dupefilter/filtered': 4725,
 'finish_reason': 'closespider_pagecount',
 'finish_time': datetime.datetime(2020, 3, 26, 20, 12, 20, 135609),
 'item_scraped_count': 127,
 'log_count/DEBUG': 265,
 'log_count/ERROR': 1,
 'log_count/INFO': 7,
 'memusage/max': 73293824,
 'memusage/startup': 73293824,
 'request_depth_max': 3,
 'response_received_count': 128,
 'scheduler/dequeued': 133,
 'scheduler/dequeued/memory': 133,
 'scheduler/enqueued': 6405,
 'scheduler/enqueued/memory': 6405,
 'start_time': datetime.datetime(2020, 3, 26, 20, 12, 1, 970205)}
2020-03-27 01:42:20 [scrapy.core.engine] INFO: Spider closed (closespider_pagecount)
