2020-03-27 01:20:37 [scrapy.utils.log] INFO: Scrapy 1.5.1 started (bot: customcrawler)
2020-03-27 01:20:37 [scrapy.utils.log] INFO: Versions: lxml 4.4.2.0, libxml2 2.9.2, cssselect 1.1.0, parsel 1.5.2, w3lib 1.21.0, Twisted 18.9.0, Python 3.8.1 (v3.8.1:1b293b6006, Dec 18 2019, 14:08:53) - [Clang 6.0 (clang-600.0.57)], pyOpenSSL 19.1.0 (OpenSSL 1.1.1d  10 Sep 2019), cryptography 2.8, Platform macOS-10.11.6-x86_64-i386-64bit
2020-03-27 01:20:37 [scrapy.crawler] INFO: Overridden settings: {'BOT_NAME': 'customcrawler', 'CLOSESPIDER_PAGECOUNT': '100', 'CLOSESPIDER_TIMEOUT': '60', 'CONCURRENT_REQUESTS': 32, 'DEPTH_PRIORITY': 1, 'LOG_FILE': 'logs/customcrawler/toscrapespiderax/0e0c0cce6f9b11eab4706c4008956c78.log', 'NEWSPIDER_MODULE': 'customcrawler.spiders', 'SCHEDULER_DISK_QUEUE': 'scrapy.squeues.PickleFifoDiskQueue', 'SCHEDULER_MEMORY_QUEUE': 'scrapy.squeues.FifoMemoryQueue', 'SPIDER_MODULES': ['customcrawler.spiders']}
2020-03-27 01:20:37 [scrapy.middleware] INFO: Enabled extensions:
['scrapy.extensions.corestats.CoreStats',
 'scrapy.extensions.telnet.TelnetConsole',
 'scrapy.extensions.memusage.MemoryUsage',
 'scrapy.extensions.closespider.CloseSpider',
 'scrapy.extensions.logstats.LogStats']
2020-03-27 01:20:37 [scrapy.middleware] INFO: Enabled downloader middlewares:
['scrapy.downloadermiddlewares.httpauth.HttpAuthMiddleware',
 'scrapy.downloadermiddlewares.downloadtimeout.DownloadTimeoutMiddleware',
 'scrapy.downloadermiddlewares.defaultheaders.DefaultHeadersMiddleware',
 'scrapy.downloadermiddlewares.useragent.UserAgentMiddleware',
 'scrapy.downloadermiddlewares.retry.RetryMiddleware',
 'scrapy.downloadermiddlewares.redirect.MetaRefreshMiddleware',
 'scrapy.downloadermiddlewares.httpcompression.HttpCompressionMiddleware',
 'scrapy.downloadermiddlewares.redirect.RedirectMiddleware',
 'scrapy.downloadermiddlewares.cookies.CookiesMiddleware',
 'scrapy.downloadermiddlewares.httpproxy.HttpProxyMiddleware',
 'scrapy.downloadermiddlewares.stats.DownloaderStats']
2020-03-27 01:20:37 [scrapy.middleware] INFO: Enabled spider middlewares:
['scrapy.spidermiddlewares.httperror.HttpErrorMiddleware',
 'scrapy.spidermiddlewares.offsite.OffsiteMiddleware',
 'scrapy.spidermiddlewares.referer.RefererMiddleware',
 'scrapy.spidermiddlewares.urllength.UrlLengthMiddleware',
 'scrapy.spidermiddlewares.depth.DepthMiddleware']
2020-03-27 01:20:38 [scrapy.middleware] INFO: Enabled item pipelines:
['customcrawler.pipelines.ScrapyAppPipeline']
2020-03-27 01:20:38 [scrapy.core.engine] INFO: Spider opened
2020-03-27 01:20:44 [scrapy.extensions.logstats] INFO: Crawled 0 pages (at 0 pages/min), scraped 0 items (at 0 items/min)
2020-03-27 01:20:44 [scrapy.extensions.telnet] DEBUG: Telnet console listening on 127.0.0.1:6023
2020-03-27 01:20:44 [scrapy.downloadermiddlewares.retry] DEBUG: Retrying <GET https://www.cadabra.co.in/> (failed 1 times): Connection was refused by other side: 61: Connection refused.
2020-03-27 01:20:45 [scrapy.downloadermiddlewares.retry] DEBUG: Retrying <GET https://www.cadabra.co.in/> (failed 2 times): Connection was refused by other side: 61: Connection refused.
2020-03-27 01:20:45 [scrapy.downloadermiddlewares.retry] DEBUG: Gave up retrying <GET https://www.cadabra.co.in/> (failed 3 times): Connection was refused by other side: 61: Connection refused.
2020-03-27 01:20:45 [scrapy.core.scraper] ERROR: Error downloading <GET https://www.cadabra.co.in/>
Traceback (most recent call last):
  File "/Library/Frameworks/Python.framework/Versions/3.8/lib/python3.8/site-packages/scrapy/core/downloader/middleware.py", line 43, in process_request
    defer.returnValue((yield download_func(request=request,spider=spider)))
twisted.internet.error.ConnectionRefusedError: Connection was refused by other side: 61: Connection refused.
2020-03-27 01:20:45 [scrapy.core.engine] INFO: Closing spider (finished)
2020-03-27 01:20:45 [scrapy.core.engine] ERROR: Scraper close failure
Traceback (most recent call last):
  File "/Users/pratikaher/ScrapyProjects/customcrawler/customcrawler/pipelines.py", line 115, in close_spider
    session.add(time_to_crawl)
NameError: name 'session' is not defined

During handling of the above exception, another exception occurred:

Traceback (most recent call last):
  File "/Library/Frameworks/Python.framework/Versions/3.8/lib/python3.8/site-packages/twisted/internet/defer.py", line 654, in _runCallbacks
    current.result = callback(current.result, *args, **kw)
  File "/Users/pratikaher/ScrapyProjects/customcrawler/customcrawler/pipelines.py", line 119, in close_spider
    session.rollback()
NameError: name 'session' is not defined
2020-03-27 01:20:45 [scrapy.statscollectors] INFO: Dumping Scrapy stats:
{'downloader/exception_count': 3,
 'downloader/exception_type_count/twisted.internet.error.ConnectionRefusedError': 3,
 'downloader/request_bytes': 648,
 'downloader/request_count': 3,
 'downloader/request_method_count/GET': 3,
 'finish_reason': 'finished',
 'finish_time': datetime.datetime(2020, 3, 26, 19, 50, 45, 785906),
 'log_count/DEBUG': 4,
 'log_count/ERROR': 2,
 'log_count/INFO': 7,
 'memusage/max': 73068544,
 'memusage/startup': 73068544,
 'retry/count': 2,
 'retry/max_reached': 1,
 'retry/reason_count/twisted.internet.error.ConnectionRefusedError': 2,
 'scheduler/dequeued': 3,
 'scheduler/dequeued/memory': 3,
 'scheduler/enqueued': 3,
 'scheduler/enqueued/memory': 3,
 'start_time': datetime.datetime(2020, 3, 26, 19, 50, 44, 422618)}
2020-03-27 01:20:45 [scrapy.core.engine] INFO: Spider closed (finished)
